#
# There is insufficient memory for the Java Runtime Environment to continue.
# Native memory allocation (malloc) failed to allocate 1111776 bytes for Chunk::new
# Possible reasons:
#   The system is out of physical RAM or swap space
#   The process is running with CompressedOops enabled, and the Java Heap may be blocking the growth of the native heap
# Possible solutions:
#   Reduce memory load on the system
#   Increase physical memory or swap space
#   Check if swap backing store is full
#   Decrease Java heap size (-Xmx/-Xms)
#   Decrease number of Java threads
#   Decrease Java thread stack sizes (-Xss)
#   Set larger code cache with -XX:ReservedCodeCacheSize=
#   JVM is running with Zero Based Compressed Oops mode in which the Java heap is
#     placed in the first 32GB address space. The Java Heap base address is the
#     maximum limit for the native heap growth. Please use -XX:HeapBaseMinAddress
#     to set the Java Heap base and to place the Java Heap above 32GB virtual address.
# This output file may be truncated or incomplete.
#
#  Out of Memory Error (arena.cpp:195), pid=12192, tid=12680
#
# JRE version: OpenJDK Runtime Environment (16.0.1+9) (build 16.0.1+9-24)
# Java VM: OpenJDK 64-Bit Server VM (16.0.1+9-24, mixed mode, tiered, compressed oops, compressed class ptrs, g1 gc, windows-amd64)
# No core dump will be written. Minidumps are not enabled by default on client versions of Windows
#

---------------  S U M M A R Y ------------

Command Line: -Dfile.encoding=Cp1252 -XX:+ShowCodeDetailsInExceptionMessages wrd.ibw.Run

Host: Intel(R) Core(TM) i5-10210U CPU @ 1.60GHz, 8 cores, 15G,  Windows 10 , 64 bit Build 19041 (10.0.19041.1889)
Time: Fri Sep  2 10:16:36 2022 W. Europe Daylight Time elapsed time: 8669.846592 seconds (0d 2h 24m 29s)

---------------  T H R E A D  ---------------

Current thread (0x000001eb97c64630):  JavaThread "C2 CompilerThread0" daemon [_thread_in_native, id=12680, stack(0x000000d319b00000,0x000000d319c00000)]


Current CompileTask:
C2:8669847 4889 % !   4       wrd.ibw.gui.FrmEmbedWM$8::actionPerformed @ 2067 (4440 bytes)

Stack: [0x000000d319b00000,0x000000d319c00000]
Native frames: (J=compiled Java code, j=interpreted, Vv=VM code, C=native code)
V  [jvm.dll+0x6687ca]
V  [jvm.dll+0x7ca3c9]
V  [jvm.dll+0x7cbb53]
V  [jvm.dll+0x7cc1b3]
V  [jvm.dll+0x242ea5]
V  [jvm.dll+0xadeca]
V  [jvm.dll+0xae5ac]
V  [jvm.dll+0x2a52cf]
V  [jvm.dll+0x574359]
V  [jvm.dll+0x21e6de]
V  [jvm.dll+0x2179af]
V  [jvm.dll+0x21524c]
V  [jvm.dll+0x1a1d9b]
V  [jvm.dll+0x2253a8]
V  [jvm.dll+0x2233ec]
V  [jvm.dll+0x780002]
V  [jvm.dll+0x779b4a]
V  [jvm.dll+0x667666]
C  [ucrtbase.dll+0x21bb2]
C  [KERNEL32.DLL+0x17034]
C  [ntdll.dll+0x52651]


---------------  P R O C E S S  ---------------

Threads class SMR info:
_java_thread_list=0x000001eb97f9d7b0, length=19, elements={
0x000001eb97c29010, 0x000001eb97c2a580, 0x000001eb97c52b50, 0x000001eb97c578a0,
0x000001eb97c61390, 0x000001eb97c5f900, 0x000001eb97c64630, 0x000001eb97c65b30,
0x000001eb97c66e80, 0x000001eb97c60e40, 0x000001eb97c61e30, 0x000001eb97c62380,
0x000001eb97c5ee60, 0x000001eb97c618e0, 0x000001eb97c5f3b0, 0x000001eb97c5fe50,
0x000001eb97c603a0, 0x000001eb98759170, 0x000001eb987576e0
}

Java Threads: ( => current thread )
  0x000001eb97c29010 JavaThread "Reference Handler" daemon [_thread_blocked, id=4880, stack(0x000000d319500000,0x000000d319600000)]
  0x000001eb97c2a580 JavaThread "Finalizer" daemon [_thread_blocked, id=16536, stack(0x000000d319600000,0x000000d319700000)]
  0x000001eb97c52b50 JavaThread "Signal Dispatcher" daemon [_thread_blocked, id=16396, stack(0x000000d319700000,0x000000d319800000)]
  0x000001eb97c578a0 JavaThread "Attach Listener" daemon [_thread_blocked, id=11968, stack(0x000000d319800000,0x000000d319900000)]
  0x000001eb97c61390 JavaThread "Service Thread" daemon [_thread_blocked, id=15600, stack(0x000000d319900000,0x000000d319a00000)]
  0x000001eb97c5f900 JavaThread "Monitor Deflation Thread" daemon [_thread_blocked, id=3228, stack(0x000000d319a00000,0x000000d319b00000)]
=>0x000001eb97c64630 JavaThread "C2 CompilerThread0" daemon [_thread_in_native, id=12680, stack(0x000000d319b00000,0x000000d319c00000)]
  0x000001eb97c65b30 JavaThread "C1 CompilerThread0" daemon [_thread_blocked, id=10640, stack(0x000000d319c00000,0x000000d319d00000)]
  0x000001eb97c66e80 JavaThread "Sweeper thread" daemon [_thread_blocked, id=7560, stack(0x000000d319d00000,0x000000d319e00000)]
  0x000001eb97c60e40 JavaThread "Notification Thread" daemon [_thread_blocked, id=12572, stack(0x000000d319e00000,0x000000d319f00000)]
  0x000001eb97c61e30 JavaThread "Common-Cleaner" daemon [_thread_blocked, id=4632, stack(0x000000d31a000000,0x000000d31a100000)]
  0x000001eb97c62380 JavaThread "Java2D Disposer" daemon [_thread_blocked, id=17384, stack(0x000000d31a100000,0x000000d31a200000)]
  0x000001eb97c5ee60 JavaThread "AWT-Shutdown" [_thread_blocked, id=12152, stack(0x000000d31a200000,0x000000d31a300000)]
  0x000001eb97c618e0 JavaThread "AWT-Windows" daemon [_thread_in_native, id=2040, stack(0x000000d31a300000,0x000000d31a400000)]
  0x000001eb97c5f3b0 JavaThread "AWT-EventQueue-0" [_thread_in_native, id=10712, stack(0x000000d31a400000,0x000000d31a500000)]
  0x000001eb97c5fe50 JavaThread "DestroyJavaVM" [_thread_blocked, id=3372, stack(0x000000d318e00000,0x000000d318f00000)]
  0x000001eb97c603a0 JavaThread "TimerQueue" daemon [_thread_blocked, id=9284, stack(0x000000d31a800000,0x000000d31a900000)]
  0x000001eb98759170 JavaThread "oracle.jdbc.driver.BlockSource.ThreadedCachingBlockSource.BlockReleaser" daemon [_thread_blocked, id=14632, stack(0x000000d31a900000,0x000000d31aa00000)]
  0x000001eb987576e0 JavaThread "Swing-Shell" daemon [_thread_blocked, id=15220, stack(0x000000d31b400000,0x000000d31b500000)]

Other Threads:
  0x000001eb97c16f50 VMThread "VM Thread" [stack: 0x000000d319400000,0x000000d319500000] [id=17400]
  0x000001eb97dfb160 WatcherThread [stack: 0x000000d319f00000,0x000000d31a000000] [id=8784]
  0x000001ebf85cad20 GCTaskThread "GC Thread#0" [stack: 0x000000d318f00000,0x000000d319000000] [id=6468]
  0x000001eb9b230aa0 GCTaskThread "GC Thread#1" [stack: 0x000000d31ab00000,0x000000d31ac00000] [id=9288]
  0x000001eb987c53e0 GCTaskThread "GC Thread#2" [stack: 0x000000d31ac00000,0x000000d31ad00000] [id=9104]
  0x000001eb986e6ab0 GCTaskThread "GC Thread#3" [stack: 0x000000d31ad00000,0x000000d31ae00000] [id=3196]
  0x000001eb9b2f1ae0 GCTaskThread "GC Thread#4" [stack: 0x000000d31ae00000,0x000000d31af00000] [id=10124]
  0x000001eb986e6dc0 GCTaskThread "GC Thread#5" [stack: 0x000000d31af00000,0x000000d31b000000] [id=8648]
  0x000001eb9b213ff0 GCTaskThread "GC Thread#6" [stack: 0x000000d31b000000,0x000000d31b100000] [id=16356]
  0x000001eb9b2139d0 GCTaskThread "GC Thread#7" [stack: 0x000000d31b100000,0x000000d31b200000] [id=2660]
  0x000001ebf85db980 ConcurrentGCThread "G1 Main Marker" [stack: 0x000000d319000000,0x000000d319100000] [id=5704]
  0x000001ebf85de720 ConcurrentGCThread "G1 Conc#0" [stack: 0x000000d319100000,0x000000d319200000] [id=9960]
  0x000001eb9b213ce0 ConcurrentGCThread "G1 Conc#1" [stack: 0x000000d31b200000,0x000000d31b300000] [id=8180]
  0x000001eb96e82c60 ConcurrentGCThread "G1 Refine#0" [stack: 0x000000d319200000,0x000000d319300000] [id=4112]
  0x000001eb96e835f0 ConcurrentGCThread "G1 Service" [stack: 0x000000d319300000,0x000000d319400000] [id=16864]

Threads with active compile tasks:
C2 CompilerThread0  8669902 4889 % !   4       wrd.ibw.gui.FrmEmbedWM$8::actionPerformed @ 2067 (4440 bytes)

VM state: not at safepoint (normal execution)

VM Mutex/Monitor currently owned by a thread: None

Heap address: 0x0000000703e00000, size: 4034 MB, Compressed Oops mode: Zero based, Oop shift amount: 3

CDS disabled.
Compressed class space mapped at: 0x0000000800000000-0x0000000840000000, reserved size: 1073741824
Narrow klass base: 0x0000000800000000, Narrow klass shift: 0, Narrow klass range: 0x40000000

GC Precious Log:
 CPUs: 8 total, 8 available
 Memory: 16135M
 Large Page Support: Disabled
 NUMA Support: Disabled
 Compressed Oops: Enabled (Zero based)
 Heap Region Size: 2M
 Heap Min Capacity: 8M
 Heap Initial Capacity: 254M
 Heap Max Capacity: 4034M
 Pre-touch: Disabled
 Parallel Workers: 8
 Concurrent Workers: 2
 Concurrent Refinement Workers: 8
 Periodic GC: Disabled

Heap:
 garbage-first heap   total 368640K, used 231414K [0x0000000703e00000, 0x0000000800000000)
  region size 2048K, 95 young (194560K), 2 survivors (4096K)
 Metaspace       used 34731K, committed 35008K, reserved 1081344K
  class space    used 3708K, committed 3840K, reserved 1048576K

Heap Regions: E=young(eden), S=young(survivor), O=old, HS=humongous(starts), HC=humongous(continues), CS=collection set, F=free, OA=open archive, CA=closed archive, TAMS=top-at-mark-start (previous, next)
|   0|0x0000000703e00000, 0x0000000703fc2400, 0x0000000704000000| 87%| O|  |TAMS 0x0000000703e00000, 0x0000000703e00000| Untracked 
|   1|0x0000000704000000, 0x0000000704200000, 0x0000000704200000|100%| O|  |TAMS 0x0000000704200000, 0x0000000704000000| Untracked 
|   2|0x0000000704200000, 0x0000000704400000, 0x0000000704400000|100%| O|  |TAMS 0x0000000704400000, 0x0000000704200000| Untracked 
|   3|0x0000000704400000, 0x0000000704600000, 0x0000000704600000|100%| O|  |TAMS 0x0000000704600000, 0x0000000704400000| Untracked 
|   4|0x0000000704600000, 0x0000000704800000, 0x0000000704800000|100%|HS|  |TAMS 0x0000000704800000, 0x0000000704600000| Complete 
|   5|0x0000000704800000, 0x0000000704a00000, 0x0000000704a00000|100%|HC|  |TAMS 0x0000000704a00000, 0x0000000704800000| Complete 
|   6|0x0000000704a00000, 0x0000000704c00000, 0x0000000704c00000|100%|HC|  |TAMS 0x0000000704c00000, 0x0000000704a00000| Complete 
|   7|0x0000000704c00000, 0x0000000704e00000, 0x0000000704e00000|100%| O|  |TAMS 0x0000000704e00000, 0x0000000704c00000| Untracked 
|   8|0x0000000704e00000, 0x0000000705000000, 0x0000000705000000|100%|HS|  |TAMS 0x0000000705000000, 0x0000000704e00000| Complete 
|   9|0x0000000705000000, 0x0000000705200000, 0x0000000705200000|100%|HC|  |TAMS 0x0000000705200000, 0x0000000705000000| Complete 
|  10|0x0000000705200000, 0x0000000705400000, 0x0000000705400000|100%|HC|  |TAMS 0x0000000705400000, 0x0000000705200000| Complete 
|  11|0x0000000705400000, 0x0000000705600000, 0x0000000705600000|100%|HC|  |TAMS 0x0000000705600000, 0x0000000705400000| Complete 
|  12|0x0000000705600000, 0x0000000705800000, 0x0000000705800000|100%|HC|  |TAMS 0x0000000705800000, 0x0000000705600000| Complete 
|  13|0x0000000705800000, 0x0000000705a00000, 0x0000000705a00000|100%|HC|  |TAMS 0x0000000705a00000, 0x0000000705800000| Complete 
|  14|0x0000000705a00000, 0x0000000705c00000, 0x0000000705c00000|100%|HC|  |TAMS 0x0000000705c00000, 0x0000000705a00000| Complete 
|  15|0x0000000705c00000, 0x0000000705e00000, 0x0000000705e00000|100%| O|  |TAMS 0x0000000705e00000, 0x0000000705c00000| Untracked 
|  16|0x0000000705e00000, 0x0000000705e00000, 0x0000000706000000|  0%| F|  |TAMS 0x0000000705e00000, 0x0000000705e00000| Untracked 
|  17|0x0000000706000000, 0x0000000706200000, 0x0000000706200000|100%| O|  |TAMS 0x0000000706200000, 0x0000000706000000| Untracked 
|  18|0x0000000706200000, 0x0000000706200000, 0x0000000706400000|  0%| F|  |TAMS 0x0000000706200000, 0x0000000706200000| Untracked 
|  19|0x0000000706400000, 0x0000000706600000, 0x0000000706600000|100%| O|  |TAMS 0x0000000706600000, 0x0000000706400000| Untracked 
|  20|0x0000000706600000, 0x0000000706600000, 0x0000000706800000|  0%| F|  |TAMS 0x0000000706600000, 0x0000000706600000| Untracked 
|  21|0x0000000706800000, 0x0000000706a00000, 0x0000000706a00000|100%| O|  |TAMS 0x00000007068f5800, 0x0000000706800000| Untracked 
|  22|0x0000000706a00000, 0x0000000706c00000, 0x0000000706c00000|100%| O|  |TAMS 0x0000000706a00000, 0x0000000706a00000| Untracked 
|  23|0x0000000706c00000, 0x0000000706c00000, 0x0000000706e00000|  0%| F|  |TAMS 0x0000000706c00000, 0x0000000706c00000| Untracked 
|  24|0x0000000706e00000, 0x0000000706e00000, 0x0000000707000000|  0%| F|  |TAMS 0x0000000706e00000, 0x0000000706e00000| Untracked 
|  25|0x0000000707000000, 0x0000000707000000, 0x0000000707200000|  0%| F|  |TAMS 0x0000000707000000, 0x0000000707000000| Untracked 
|  26|0x0000000707200000, 0x0000000707200000, 0x0000000707400000|  0%| F|  |TAMS 0x0000000707200000, 0x0000000707200000| Untracked 
|  27|0x0000000707400000, 0x0000000707400000, 0x0000000707600000|  0%| F|  |TAMS 0x0000000707400000, 0x0000000707400000| Untracked 
|  28|0x0000000707600000, 0x0000000707600000, 0x0000000707800000|  0%| F|  |TAMS 0x0000000707600000, 0x0000000707600000| Untracked 
|  29|0x0000000707800000, 0x0000000707800000, 0x0000000707a00000|  0%| F|  |TAMS 0x0000000707800000, 0x0000000707800000| Untracked 
|  30|0x0000000707a00000, 0x0000000707a00000, 0x0000000707c00000|  0%| F|  |TAMS 0x0000000707a00000, 0x0000000707a00000| Untracked 
|  31|0x0000000707c00000, 0x0000000707c00000, 0x0000000707e00000|  0%| F|  |TAMS 0x0000000707c00000, 0x0000000707c00000| Untracked 
|  32|0x0000000707e00000, 0x0000000707e00000, 0x0000000708000000|  0%| F|  |TAMS 0x0000000707e00000, 0x0000000707e00000| Untracked 
|  33|0x0000000708000000, 0x0000000708000000, 0x0000000708200000|  0%| F|  |TAMS 0x0000000708000000, 0x0000000708000000| Untracked 
|  34|0x0000000708200000, 0x0000000708200000, 0x0000000708400000|  0%| F|  |TAMS 0x0000000708200000, 0x0000000708200000| Untracked 
|  35|0x0000000708400000, 0x0000000708400000, 0x0000000708600000|  0%| F|  |TAMS 0x0000000708400000, 0x0000000708400000| Untracked 
|  36|0x0000000708600000, 0x0000000708600000, 0x0000000708800000|  0%| F|  |TAMS 0x0000000708600000, 0x0000000708600000| Untracked 
|  37|0x0000000708800000, 0x0000000708800000, 0x0000000708a00000|  0%| F|  |TAMS 0x0000000708800000, 0x0000000708800000| Untracked 
|  38|0x0000000708a00000, 0x0000000708a00000, 0x0000000708c00000|  0%| F|  |TAMS 0x0000000708a00000, 0x0000000708a00000| Untracked 
|  39|0x0000000708c00000, 0x0000000708c00000, 0x0000000708e00000|  0%| F|  |TAMS 0x0000000708c00000, 0x0000000708c00000| Untracked 
|  40|0x0000000708e00000, 0x0000000708e00000, 0x0000000709000000|  0%| F|  |TAMS 0x0000000708e00000, 0x0000000708e00000| Untracked 
|  41|0x0000000709000000, 0x0000000709000000, 0x0000000709200000|  0%| F|  |TAMS 0x0000000709000000, 0x0000000709000000| Untracked 
|  42|0x0000000709200000, 0x0000000709200000, 0x0000000709400000|  0%| F|  |TAMS 0x0000000709200000, 0x0000000709200000| Untracked 
|  43|0x0000000709400000, 0x0000000709400000, 0x0000000709600000|  0%| F|  |TAMS 0x0000000709400000, 0x0000000709400000| Untracked 
|  44|0x0000000709600000, 0x0000000709600000, 0x0000000709800000|  0%| F|  |TAMS 0x0000000709600000, 0x0000000709600000| Untracked 
|  45|0x0000000709800000, 0x0000000709800000, 0x0000000709a00000|  0%| F|  |TAMS 0x0000000709800000, 0x0000000709800000| Untracked 
|  46|0x0000000709a00000, 0x0000000709a00000, 0x0000000709c00000|  0%| F|  |TAMS 0x0000000709a00000, 0x0000000709a00000| Untracked 
|  47|0x0000000709c00000, 0x0000000709c00000, 0x0000000709e00000|  0%| F|  |TAMS 0x0000000709c00000, 0x0000000709c00000| Untracked 
|  48|0x0000000709e00000, 0x0000000709e00000, 0x000000070a000000|  0%| F|  |TAMS 0x0000000709e00000, 0x0000000709e00000| Untracked 
|  49|0x000000070a000000, 0x000000070a000000, 0x000000070a200000|  0%| F|  |TAMS 0x000000070a000000, 0x000000070a000000| Untracked 
|  50|0x000000070a200000, 0x000000070a200000, 0x000000070a400000|  0%| F|  |TAMS 0x000000070a200000, 0x000000070a200000| Untracked 
|  51|0x000000070a400000, 0x000000070a400000, 0x000000070a600000|  0%| F|  |TAMS 0x000000070a400000, 0x000000070a400000| Untracked 
|  52|0x000000070a600000, 0x000000070a600000, 0x000000070a800000|  0%| F|  |TAMS 0x000000070a600000, 0x000000070a600000| Untracked 
|  53|0x000000070a800000, 0x000000070a800000, 0x000000070aa00000|  0%| F|  |TAMS 0x000000070a800000, 0x000000070a800000| Untracked 
|  54|0x000000070aa00000, 0x000000070aa00000, 0x000000070ac00000|  0%| F|  |TAMS 0x000000070aa00000, 0x000000070aa00000| Untracked 
|  55|0x000000070ac00000, 0x000000070ac00000, 0x000000070ae00000|  0%| F|  |TAMS 0x000000070ac00000, 0x000000070ac00000| Untracked 
|  56|0x000000070ae00000, 0x000000070ae00000, 0x000000070b000000|  0%| F|  |TAMS 0x000000070ae00000, 0x000000070ae00000| Untracked 
|  57|0x000000070b000000, 0x000000070b000000, 0x000000070b200000|  0%| F|  |TAMS 0x000000070b000000, 0x000000070b000000| Untracked 
|  58|0x000000070b200000, 0x000000070b200000, 0x000000070b400000|  0%| F|  |TAMS 0x000000070b200000, 0x000000070b200000| Untracked 
|  59|0x000000070b400000, 0x000000070b400000, 0x000000070b600000|  0%| F|  |TAMS 0x000000070b400000, 0x000000070b400000| Untracked 
|  60|0x000000070b600000, 0x000000070b600000, 0x000000070b800000|  0%| F|  |TAMS 0x000000070b600000, 0x000000070b600000| Untracked 
|  61|0x000000070b800000, 0x000000070b800000, 0x000000070ba00000|  0%| F|  |TAMS 0x000000070b800000, 0x000000070b800000| Untracked 
|  62|0x000000070ba00000, 0x000000070ba00000, 0x000000070bc00000|  0%| F|  |TAMS 0x000000070ba00000, 0x000000070ba00000| Untracked 
|  63|0x000000070bc00000, 0x000000070bc00000, 0x000000070be00000|  0%| F|  |TAMS 0x000000070bc00000, 0x000000070bc00000| Untracked 
|  64|0x000000070be00000, 0x000000070be00000, 0x000000070c000000|  0%| F|  |TAMS 0x000000070be00000, 0x000000070be00000| Untracked 
|  65|0x000000070c000000, 0x000000070c000000, 0x000000070c200000|  0%| F|  |TAMS 0x000000070c000000, 0x000000070c000000| Untracked 
|  66|0x000000070c200000, 0x000000070c200000, 0x000000070c400000|  0%| F|  |TAMS 0x000000070c200000, 0x000000070c200000| Untracked 
|  67|0x000000070c400000, 0x000000070c400000, 0x000000070c600000|  0%| F|  |TAMS 0x000000070c400000, 0x000000070c400000| Untracked 
|  68|0x000000070c600000, 0x000000070c600000, 0x000000070c800000|  0%| F|  |TAMS 0x000000070c600000, 0x000000070c600000| Untracked 
|  69|0x000000070c800000, 0x000000070c800000, 0x000000070ca00000|  0%| F|  |TAMS 0x000000070c800000, 0x000000070c800000| Untracked 
|  70|0x000000070ca00000, 0x000000070ca00000, 0x000000070cc00000|  0%| F|  |TAMS 0x000000070ca00000, 0x000000070ca00000| Untracked 
|  71|0x000000070cc00000, 0x000000070cc3b470, 0x000000070ce00000| 11%| S|CS|TAMS 0x000000070cc00000, 0x000000070cc00000| Complete 
|  72|0x000000070ce00000, 0x000000070ce00000, 0x000000070d000000|  0%| F|  |TAMS 0x000000070ce00000, 0x000000070ce00000| Untracked 
|  73|0x000000070d000000, 0x000000070d200000, 0x000000070d200000|100%| S|CS|TAMS 0x000000070d000000, 0x000000070d000000| Complete 
|  74|0x000000070d200000, 0x000000070d200000, 0x000000070d400000|  0%| F|  |TAMS 0x000000070d200000, 0x000000070d200000| Untracked 
|  75|0x000000070d400000, 0x000000070d400000, 0x000000070d600000|  0%| F|  |TAMS 0x000000070d400000, 0x000000070d400000| Untracked 
|  76|0x000000070d600000, 0x000000070d600000, 0x000000070d800000|  0%| F|  |TAMS 0x000000070d600000, 0x000000070d600000| Untracked 
|  77|0x000000070d800000, 0x000000070d800000, 0x000000070da00000|  0%| F|  |TAMS 0x000000070d800000, 0x000000070d800000| Untracked 
|  78|0x000000070da00000, 0x000000070da00000, 0x000000070dc00000|  0%| F|  |TAMS 0x000000070da00000, 0x000000070da00000| Untracked 
|  79|0x000000070dc00000, 0x000000070dc00000, 0x000000070de00000|  0%| F|  |TAMS 0x000000070dc00000, 0x000000070dc00000| Untracked 
|  80|0x000000070de00000, 0x000000070de00000, 0x000000070e000000|  0%| F|  |TAMS 0x000000070de00000, 0x000000070de00000| Untracked 
|  81|0x000000070e000000, 0x000000070e000000, 0x000000070e200000|  0%| F|  |TAMS 0x000000070e000000, 0x000000070e000000| Untracked 
|  82|0x000000070e200000, 0x000000070e200000, 0x000000070e400000|  0%| F|  |TAMS 0x000000070e200000, 0x000000070e200000| Untracked 
|  83|0x000000070e400000, 0x000000070e400000, 0x000000070e600000|  0%| F|  |TAMS 0x000000070e400000, 0x000000070e400000| Untracked 
|  84|0x000000070e600000, 0x000000070e600000, 0x000000070e800000|  0%| F|  |TAMS 0x000000070e600000, 0x000000070e600000| Untracked 
|  85|0x000000070e800000, 0x000000070e800000, 0x000000070ea00000|  0%| F|  |TAMS 0x000000070e800000, 0x000000070e800000| Untracked 
|  86|0x000000070ea00000, 0x000000070ea00000, 0x000000070ec00000|  0%| F|  |TAMS 0x000000070ea00000, 0x000000070ea00000| Untracked 
|  87|0x000000070ec00000, 0x000000070ee00000, 0x000000070ee00000|100%| E|  |TAMS 0x000000070ec00000, 0x000000070ec00000| Complete 
|  88|0x000000070ee00000, 0x000000070f000000, 0x000000070f000000|100%| E|CS|TAMS 0x000000070ee00000, 0x000000070ee00000| Complete 
|  89|0x000000070f000000, 0x000000070f200000, 0x000000070f200000|100%| E|CS|TAMS 0x000000070f000000, 0x000000070f000000| Complete 
|  90|0x000000070f200000, 0x000000070f400000, 0x000000070f400000|100%| E|CS|TAMS 0x000000070f200000, 0x000000070f200000| Complete 
|  91|0x000000070f400000, 0x000000070f600000, 0x000000070f600000|100%| E|CS|TAMS 0x000000070f400000, 0x000000070f400000| Complete 
|  92|0x000000070f600000, 0x000000070f800000, 0x000000070f800000|100%| E|CS|TAMS 0x000000070f600000, 0x000000070f600000| Complete 
|  93|0x000000070f800000, 0x000000070fa00000, 0x000000070fa00000|100%| E|CS|TAMS 0x000000070f800000, 0x000000070f800000| Complete 
|  94|0x000000070fa00000, 0x000000070fc00000, 0x000000070fc00000|100%| E|CS|TAMS 0x000000070fa00000, 0x000000070fa00000| Complete 
|  95|0x000000070fc00000, 0x000000070fe00000, 0x000000070fe00000|100%| E|CS|TAMS 0x000000070fc00000, 0x000000070fc00000| Complete 
|  96|0x000000070fe00000, 0x0000000710000000, 0x0000000710000000|100%| E|CS|TAMS 0x000000070fe00000, 0x000000070fe00000| Complete 
|  97|0x0000000710000000, 0x0000000710200000, 0x0000000710200000|100%| E|CS|TAMS 0x0000000710000000, 0x0000000710000000| Complete 
|  98|0x0000000710200000, 0x0000000710400000, 0x0000000710400000|100%| E|CS|TAMS 0x0000000710200000, 0x0000000710200000| Complete 
|  99|0x0000000710400000, 0x0000000710600000, 0x0000000710600000|100%| E|CS|TAMS 0x0000000710400000, 0x0000000710400000| Complete 
| 100|0x0000000710600000, 0x0000000710800000, 0x0000000710800000|100%| E|CS|TAMS 0x0000000710600000, 0x0000000710600000| Complete 
| 101|0x0000000710800000, 0x0000000710a00000, 0x0000000710a00000|100%| E|CS|TAMS 0x0000000710800000, 0x0000000710800000| Complete 
| 102|0x0000000710a00000, 0x0000000710c00000, 0x0000000710c00000|100%| E|CS|TAMS 0x0000000710a00000, 0x0000000710a00000| Complete 
| 103|0x0000000710c00000, 0x0000000710e00000, 0x0000000710e00000|100%| E|CS|TAMS 0x0000000710c00000, 0x0000000710c00000| Complete 
| 104|0x0000000710e00000, 0x0000000711000000, 0x0000000711000000|100%| E|CS|TAMS 0x0000000710e00000, 0x0000000710e00000| Complete 
| 105|0x0000000711000000, 0x0000000711200000, 0x0000000711200000|100%| E|CS|TAMS 0x0000000711000000, 0x0000000711000000| Complete 
| 106|0x0000000711200000, 0x0000000711400000, 0x0000000711400000|100%| E|CS|TAMS 0x0000000711200000, 0x0000000711200000| Complete 
| 107|0x0000000711400000, 0x0000000711600000, 0x0000000711600000|100%| E|CS|TAMS 0x0000000711400000, 0x0000000711400000| Complete 
| 108|0x0000000711600000, 0x0000000711800000, 0x0000000711800000|100%| E|CS|TAMS 0x0000000711600000, 0x0000000711600000| Complete 
| 109|0x0000000711800000, 0x0000000711a00000, 0x0000000711a00000|100%| E|CS|TAMS 0x0000000711800000, 0x0000000711800000| Complete 
| 110|0x0000000711a00000, 0x0000000711c00000, 0x0000000711c00000|100%| E|CS|TAMS 0x0000000711a00000, 0x0000000711a00000| Complete 
| 111|0x0000000711c00000, 0x0000000711e00000, 0x0000000711e00000|100%| E|CS|TAMS 0x0000000711c00000, 0x0000000711c00000| Complete 
| 112|0x0000000711e00000, 0x0000000712000000, 0x0000000712000000|100%| E|CS|TAMS 0x0000000711e00000, 0x0000000711e00000| Complete 
| 113|0x0000000712000000, 0x0000000712200000, 0x0000000712200000|100%| E|CS|TAMS 0x0000000712000000, 0x0000000712000000| Complete 
| 114|0x0000000712200000, 0x0000000712400000, 0x0000000712400000|100%| E|CS|TAMS 0x0000000712200000, 0x0000000712200000| Complete 
| 115|0x0000000712400000, 0x0000000712600000, 0x0000000712600000|100%| E|CS|TAMS 0x0000000712400000, 0x0000000712400000| Complete 
| 116|0x0000000712600000, 0x0000000712800000, 0x0000000712800000|100%| E|CS|TAMS 0x0000000712600000, 0x0000000712600000| Complete 
| 117|0x0000000712800000, 0x0000000712a00000, 0x0000000712a00000|100%| E|CS|TAMS 0x0000000712800000, 0x0000000712800000| Complete 
| 118|0x0000000712a00000, 0x0000000712c00000, 0x0000000712c00000|100%| E|CS|TAMS 0x0000000712a00000, 0x0000000712a00000| Complete 
| 119|0x0000000712c00000, 0x0000000712e00000, 0x0000000712e00000|100%| E|CS|TAMS 0x0000000712c00000, 0x0000000712c00000| Complete 
| 120|0x0000000712e00000, 0x0000000713000000, 0x0000000713000000|100%| E|CS|TAMS 0x0000000712e00000, 0x0000000712e00000| Complete 
| 121|0x0000000713000000, 0x0000000713200000, 0x0000000713200000|100%| E|CS|TAMS 0x0000000713000000, 0x0000000713000000| Complete 
| 122|0x0000000713200000, 0x0000000713400000, 0x0000000713400000|100%| E|CS|TAMS 0x0000000713200000, 0x0000000713200000| Complete 
| 123|0x0000000713400000, 0x0000000713600000, 0x0000000713600000|100%| E|CS|TAMS 0x0000000713400000, 0x0000000713400000| Complete 
| 124|0x0000000713600000, 0x0000000713800000, 0x0000000713800000|100%| E|CS|TAMS 0x0000000713600000, 0x0000000713600000| Complete 
| 125|0x0000000713800000, 0x0000000713a00000, 0x0000000713a00000|100%| E|CS|TAMS 0x0000000713800000, 0x0000000713800000| Complete 
| 126|0x0000000713a00000, 0x0000000713c00000, 0x0000000713c00000|100%| E|CS|TAMS 0x0000000713a00000, 0x0000000713a00000| Complete 
| 127|0x0000000713c00000, 0x0000000713e00000, 0x0000000713e00000|100%| E|CS|TAMS 0x0000000713c00000, 0x0000000713c00000| Complete 
| 128|0x0000000713e00000, 0x0000000714000000, 0x0000000714000000|100%| E|CS|TAMS 0x0000000713e00000, 0x0000000713e00000| Complete 
| 129|0x0000000714000000, 0x0000000714200000, 0x0000000714200000|100%| E|CS|TAMS 0x0000000714000000, 0x0000000714000000| Complete 
| 130|0x0000000714200000, 0x0000000714400000, 0x0000000714400000|100%| E|CS|TAMS 0x0000000714200000, 0x0000000714200000| Complete 
| 131|0x0000000714400000, 0x0000000714600000, 0x0000000714600000|100%| E|CS|TAMS 0x0000000714400000, 0x0000000714400000| Complete 
| 132|0x0000000714600000, 0x0000000714800000, 0x0000000714800000|100%| E|CS|TAMS 0x0000000714600000, 0x0000000714600000| Complete 
| 133|0x0000000714800000, 0x0000000714a00000, 0x0000000714a00000|100%| E|CS|TAMS 0x0000000714800000, 0x0000000714800000| Complete 
| 134|0x0000000714a00000, 0x0000000714c00000, 0x0000000714c00000|100%| E|CS|TAMS 0x0000000714a00000, 0x0000000714a00000| Complete 
| 135|0x0000000714c00000, 0x0000000714e00000, 0x0000000714e00000|100%| E|CS|TAMS 0x0000000714c00000, 0x0000000714c00000| Complete 
| 136|0x0000000714e00000, 0x0000000715000000, 0x0000000715000000|100%| E|CS|TAMS 0x0000000714e00000, 0x0000000714e00000| Complete 
| 137|0x0000000715000000, 0x0000000715200000, 0x0000000715200000|100%| E|CS|TAMS 0x0000000715000000, 0x0000000715000000| Complete 
| 138|0x0000000715200000, 0x0000000715400000, 0x0000000715400000|100%| E|CS|TAMS 0x0000000715200000, 0x0000000715200000| Complete 
| 139|0x0000000715400000, 0x0000000715600000, 0x0000000715600000|100%| E|CS|TAMS 0x0000000715400000, 0x0000000715400000| Complete 
| 140|0x0000000715600000, 0x0000000715800000, 0x0000000715800000|100%| E|CS|TAMS 0x0000000715600000, 0x0000000715600000| Complete 
| 141|0x0000000715800000, 0x0000000715a00000, 0x0000000715a00000|100%| E|CS|TAMS 0x0000000715800000, 0x0000000715800000| Complete 
| 142|0x0000000715a00000, 0x0000000715c00000, 0x0000000715c00000|100%| E|CS|TAMS 0x0000000715a00000, 0x0000000715a00000| Complete 
| 143|0x0000000715c00000, 0x0000000715e00000, 0x0000000715e00000|100%| E|CS|TAMS 0x0000000715c00000, 0x0000000715c00000| Complete 
| 144|0x0000000715e00000, 0x0000000716000000, 0x0000000716000000|100%| E|CS|TAMS 0x0000000715e00000, 0x0000000715e00000| Complete 
| 145|0x0000000716000000, 0x0000000716200000, 0x0000000716200000|100%| E|CS|TAMS 0x0000000716000000, 0x0000000716000000| Complete 
| 146|0x0000000716200000, 0x0000000716400000, 0x0000000716400000|100%| E|CS|TAMS 0x0000000716200000, 0x0000000716200000| Complete 
| 147|0x0000000716400000, 0x0000000716600000, 0x0000000716600000|100%| E|CS|TAMS 0x0000000716400000, 0x0000000716400000| Complete 
| 148|0x0000000716600000, 0x0000000716800000, 0x0000000716800000|100%| E|CS|TAMS 0x0000000716600000, 0x0000000716600000| Complete 
| 149|0x0000000716800000, 0x0000000716a00000, 0x0000000716a00000|100%| E|CS|TAMS 0x0000000716800000, 0x0000000716800000| Complete 
| 150|0x0000000716a00000, 0x0000000716c00000, 0x0000000716c00000|100%| E|CS|TAMS 0x0000000716a00000, 0x0000000716a00000| Complete 
| 151|0x0000000716c00000, 0x0000000716e00000, 0x0000000716e00000|100%| E|CS|TAMS 0x0000000716c00000, 0x0000000716c00000| Complete 
| 152|0x0000000716e00000, 0x0000000717000000, 0x0000000717000000|100%| E|CS|TAMS 0x0000000716e00000, 0x0000000716e00000| Complete 
| 153|0x0000000717000000, 0x0000000717200000, 0x0000000717200000|100%| E|CS|TAMS 0x0000000717000000, 0x0000000717000000| Complete 
| 154|0x0000000717200000, 0x0000000717400000, 0x0000000717400000|100%| E|CS|TAMS 0x0000000717200000, 0x0000000717200000| Complete 
| 155|0x0000000717400000, 0x0000000717600000, 0x0000000717600000|100%| E|CS|TAMS 0x0000000717400000, 0x0000000717400000| Complete 
| 156|0x0000000717600000, 0x0000000717800000, 0x0000000717800000|100%| E|CS|TAMS 0x0000000717600000, 0x0000000717600000| Complete 
| 157|0x0000000717800000, 0x0000000717a00000, 0x0000000717a00000|100%| E|CS|TAMS 0x0000000717800000, 0x0000000717800000| Complete 
| 158|0x0000000717a00000, 0x0000000717c00000, 0x0000000717c00000|100%| E|CS|TAMS 0x0000000717a00000, 0x0000000717a00000| Complete 
| 159|0x0000000717c00000, 0x0000000717e00000, 0x0000000717e00000|100%| E|CS|TAMS 0x0000000717c00000, 0x0000000717c00000| Complete 
| 160|0x0000000717e00000, 0x0000000718000000, 0x0000000718000000|100%| E|CS|TAMS 0x0000000717e00000, 0x0000000717e00000| Complete 
| 161|0x0000000718000000, 0x0000000718200000, 0x0000000718200000|100%| E|CS|TAMS 0x0000000718000000, 0x0000000718000000| Complete 
| 162|0x0000000718200000, 0x0000000718400000, 0x0000000718400000|100%| E|CS|TAMS 0x0000000718200000, 0x0000000718200000| Complete 
| 163|0x0000000718400000, 0x0000000718600000, 0x0000000718600000|100%| E|CS|TAMS 0x0000000718400000, 0x0000000718400000| Complete 
| 164|0x0000000718600000, 0x0000000718800000, 0x0000000718800000|100%| E|CS|TAMS 0x0000000718600000, 0x0000000718600000| Complete 
| 165|0x0000000718800000, 0x0000000718a00000, 0x0000000718a00000|100%| E|CS|TAMS 0x0000000718800000, 0x0000000718800000| Complete 
| 166|0x0000000718a00000, 0x0000000718c00000, 0x0000000718c00000|100%| E|CS|TAMS 0x0000000718a00000, 0x0000000718a00000| Complete 
| 167|0x0000000718c00000, 0x0000000718e00000, 0x0000000718e00000|100%| E|CS|TAMS 0x0000000718c00000, 0x0000000718c00000| Complete 
| 168|0x0000000718e00000, 0x0000000719000000, 0x0000000719000000|100%| E|CS|TAMS 0x0000000718e00000, 0x0000000718e00000| Complete 
| 169|0x0000000719000000, 0x0000000719200000, 0x0000000719200000|100%| E|CS|TAMS 0x0000000719000000, 0x0000000719000000| Complete 
| 170|0x0000000719200000, 0x0000000719400000, 0x0000000719400000|100%| E|CS|TAMS 0x0000000719200000, 0x0000000719200000| Complete 
| 171|0x0000000719400000, 0x0000000719600000, 0x0000000719600000|100%| E|CS|TAMS 0x0000000719400000, 0x0000000719400000| Complete 
| 172|0x0000000719600000, 0x0000000719800000, 0x0000000719800000|100%| E|CS|TAMS 0x0000000719600000, 0x0000000719600000| Complete 
| 173|0x0000000719800000, 0x0000000719a00000, 0x0000000719a00000|100%| E|CS|TAMS 0x0000000719800000, 0x0000000719800000| Complete 
| 174|0x0000000719a00000, 0x0000000719c00000, 0x0000000719c00000|100%| E|CS|TAMS 0x0000000719a00000, 0x0000000719a00000| Complete 
| 175|0x0000000719c00000, 0x0000000719e00000, 0x0000000719e00000|100%| E|CS|TAMS 0x0000000719c00000, 0x0000000719c00000| Complete 
| 176|0x0000000719e00000, 0x000000071a000000, 0x000000071a000000|100%| E|CS|TAMS 0x0000000719e00000, 0x0000000719e00000| Complete 
| 177|0x000000071a000000, 0x000000071a200000, 0x000000071a200000|100%| E|CS|TAMS 0x000000071a000000, 0x000000071a000000| Complete 
| 178|0x000000071a200000, 0x000000071a400000, 0x000000071a400000|100%| E|CS|TAMS 0x000000071a200000, 0x000000071a200000| Complete 
| 179|0x000000071a400000, 0x000000071a600000, 0x000000071a600000|100%| E|CS|TAMS 0x000000071a400000, 0x000000071a400000| Complete 

Card table byte_map: [0x000001ebfc610000,0x000001ebfce00000] _byte_map_base: 0x000001ebf8df1000

Marking Bits (Prev, Next): (CMBitMap*) 0x000001ebf85cb320, (CMBitMap*) 0x000001ebf85cb360
 Prev Bits: [0x000001eb8f000000, 0x000001eb92f08000)
 Next Bits: [0x000001eb92f10000, 0x000001eb96e18000)

Polling page: 0x000001ebf6390000

Metaspace:

Usage:
  Non-class:     30.30 MB used.
      Class:      3.62 MB used.
       Both:     33.92 MB used.

Virtual space:
  Non-class space:       32.00 MB reserved,      30.44 MB ( 95%) committed,  4 nodes.
      Class space:        1.00 GB reserved,       3.75 MB ( <1%) committed,  1 nodes.
              Both:        1.03 GB reserved,      34.19 MB (  3%) committed. 

Chunk freelists:
   Non-Class:  1.63 MB
       Class:  339.00 KB
        Both:  1.96 MB

MaxMetaspaceSize: 17179869184.00 GB
CompressedClassSpaceSize: 1.00 GB
 - commit_granule_bytes: 65536.
 - commit_granule_words: 8192.
 - virtual_space_node_default_size: 1048576.
 - enlarge_chunks_in_place: 1.
 - new_chunks_are_fully_committed: 0.
 - uncommit_free_chunks: 1.
 - use_allocation_guard: 0.
 - handle_deallocations: 1.


Internal statistics:

num_allocs_failed_limit: 3.
num_arena_births: 168.
num_arena_deaths: 70.
num_vsnodes_births: 5.
num_vsnodes_deaths: 0.
num_space_committed: 547.
num_space_uncommitted: 0.
num_chunks_returned_to_freelist: 84.
num_chunks_taken_from_freelist: 515.
num_chunk_merges: 30.
num_chunk_splits: 347.
num_chunks_enlarged: 259.
num_purges: 2.

CodeHeap 'non-profiled nmethods': size=120000Kb used=4400Kb max_used=4400Kb free=115599Kb
 bounds [0x000001eb87ad0000, 0x000001eb87f20000, 0x000001eb8f000000]
CodeHeap 'profiled nmethods': size=120000Kb used=8541Kb max_used=10604Kb free=111458Kb
 bounds [0x000001eb805a0000, 0x000001eb81090000, 0x000001eb87ad0000]
CodeHeap 'non-nmethods': size=5760Kb used=1413Kb max_used=1601Kb free=4346Kb
 bounds [0x000001eb80000000, 0x000001eb80270000, 0x000001eb805a0000]
 total_blobs=4893 nmethods=4127 adapters=676
 compilation: enabled
              stopped_count=0, restarted_count=0
 full_count=0

Compilation events (20 events):
Event: 8393.755 Thread 0x000001eb97c64630 nmethod 4879 0x000001eb87ec2a10 code [0x000001eb87ec2ba0, 0x000001eb87ec2c38]
Event: 8413.872 Thread 0x000001eb97c65b30 4880 % !   3       wrd.ibw.gui.FrmEmbedWM$8::actionPerformed @ 2067 (4440 bytes)
Event: 8414.209 Thread 0x000001eb97c65b30 nmethod 4880% 0x000001eb80ffb190 code [0x000001eb80fff000, 0x000001eb810695a8]
Event: 8418.734 Thread 0x000001eb97c65b30 4881   !   3       oracle.jdbc.driver.OracleStatement::close (23 bytes)
Event: 8418.735 Thread 0x000001eb97c65b30 nmethod 4881 0x000001eb806a7290 code [0x000001eb806a7440, 0x000001eb806a7708]
Event: 8452.575 Thread 0x000001eb97c64630 4882       4       oracle.jdbc.driver.DynamicByteArray::setGlobals (73 bytes)
Event: 8452.579 Thread 0x000001eb97c64630 nmethod 4882 0x000001eb87ec2d10 code [0x000001eb87ec2ea0, 0x000001eb87ec30b8]
Event: 8463.857 Thread 0x000001eb97c64630 4883       4       oracle.jdbc.driver.OraclePreparedStatement::allocBinds (297 bytes)
Event: 8463.885 Thread 0x000001eb97c64630 nmethod 4883 0x000001eb87ec3210 code [0x000001eb87ec33c0, 0x000001eb87ec4058]
Event: 8465.173 Thread 0x000001eb97c64630 4884       4       oracle.jdbc.driver.T4C8Oall::marshalBindsTypes (26 bytes)
Event: 8465.178 Thread 0x000001eb97c64630 nmethod 4884 0x000001eb87ec4390 code [0x000001eb87ec4520, 0x000001eb87ec4648]
Event: 8508.773 Thread 0x000001eb97c64630 4885 % !   4       wrd.ibw.gui.FrmEmbedWM$8::actionPerformed @ 2061 (4440 bytes)
Event: 8517.041 Thread 0x000001eb97c64630 nmethod 4885% 0x000001eb87ec4790 code [0x000001eb87ec5700, 0x000001eb87edc920]
Event: 8529.433 Thread 0x000001eb97c64630 4886 % !   4       wrd.ibw.gui.FrmEmbedWM$8::actionPerformed @ 2563 (4440 bytes)
Event: 8536.733 Thread 0x000001eb97c64630 nmethod 4886% 0x000001eb87eec190 code [0x000001eb87eed2e0, 0x000001eb87f05418]
Event: 8600.999 Thread 0x000001eb97c64630 4887       4       oracle.jdbc.driver.OraclePreparedStatement::initializeBinds (361 bytes)
Event: 8601.122 Thread 0x000001eb97c64630 nmethod 4887 0x000001eb87f18a90 code [0x000001eb87f18d00, 0x000001eb87f1bc08]
Event: 8668.434 Thread 0x000001eb97c65b30 4888       3       java.util.regex.Pattern::split (288 bytes)
Event: 8668.477 Thread 0x000001eb97c65b30 nmethod 4888 0x000001eb80e32d10 code [0x000001eb80e33220, 0x000001eb80e36168]
Event: 8669.657 Thread 0x000001eb97c64630 4889 % !   4       wrd.ibw.gui.FrmEmbedWM$8::actionPerformed @ 2067 (4440 bytes)

GC Heap History (20 events):
Event: 8481.432 GC heap before
{Heap before GC invocations=561 (full 0):
 garbage-first heap   total 368640K, used 259921K [0x0000000703e00000, 0x0000000800000000)
  region size 2048K, 108 young (221184K), 2 survivors (4096K)
 Metaspace       used 34727K, committed 35008K, reserved 1081344K
  class space    used 3707K, committed 3840K, reserved 1048576K
}
Event: 8481.436 GC heap after
{Heap after GC invocations=562 (full 0):
 garbage-first heap   total 368640K, used 42689K [0x0000000703e00000, 0x0000000800000000)
  region size 2048K, 2 young (4096K), 2 survivors (4096K)
 Metaspace       used 34727K, committed 35008K, reserved 1081344K
  class space    used 3707K, committed 3840K, reserved 1048576K
}
Event: 8497.838 GC heap before
{Heap before GC invocations=562 (full 0):
 garbage-first heap   total 368640K, used 259777K [0x0000000703e00000, 0x0000000800000000)
  region size 2048K, 108 young (221184K), 2 survivors (4096K)
 Metaspace       used 34727K, committed 35008K, reserved 1081344K
  class space    used 3707K, committed 3840K, reserved 1048576K
}
Event: 8497.841 GC heap after
{Heap after GC invocations=563 (full 0):
 garbage-first heap   total 368640K, used 42633K [0x0000000703e00000, 0x0000000800000000)
  region size 2048K, 2 young (4096K), 2 survivors (4096K)
 Metaspace       used 34727K, committed 35008K, reserved 1081344K
  class space    used 3707K, committed 3840K, reserved 1048576K
}
Event: 8517.181 GC heap before
{Heap before GC invocations=563 (full 0):
 garbage-first heap   total 368640K, used 259721K [0x0000000703e00000, 0x0000000800000000)
  region size 2048K, 108 young (221184K), 2 survivors (4096K)
 Metaspace       used 34727K, committed 35008K, reserved 1081344K
  class space    used 3707K, committed 3840K, reserved 1048576K
}
Event: 8517.184 GC heap after
{Heap after GC invocations=564 (full 0):
 garbage-first heap   total 368640K, used 42727K [0x0000000703e00000, 0x0000000800000000)
  region size 2048K, 2 young (4096K), 2 survivors (4096K)
 Metaspace       used 34727K, committed 35008K, reserved 1081344K
  class space    used 3707K, committed 3840K, reserved 1048576K
}
Event: 8537.492 GC heap before
{Heap before GC invocations=564 (full 0):
 garbage-first heap   total 368640K, used 259815K [0x0000000703e00000, 0x0000000800000000)
  region size 2048K, 108 young (221184K), 2 survivors (4096K)
 Metaspace       used 34727K, committed 35008K, reserved 1081344K
  class space    used 3707K, committed 3840K, reserved 1048576K
}
Event: 8537.508 GC heap after
{Heap after GC invocations=565 (full 0):
 garbage-first heap   total 368640K, used 42743K [0x0000000703e00000, 0x0000000800000000)
  region size 2048K, 2 young (4096K), 2 survivors (4096K)
 Metaspace       used 34727K, committed 35008K, reserved 1081344K
  class space    used 3707K, committed 3840K, reserved 1048576K
}
Event: 8557.559 GC heap before
{Heap before GC invocations=565 (full 0):
 garbage-first heap   total 368640K, used 259831K [0x0000000703e00000, 0x0000000800000000)
  region size 2048K, 108 young (221184K), 2 survivors (4096K)
 Metaspace       used 34727K, committed 35008K, reserved 1081344K
  class space    used 3707K, committed 3840K, reserved 1048576K
}
Event: 8557.562 GC heap after
{Heap after GC invocations=566 (full 0):
 garbage-first heap   total 368640K, used 42811K [0x0000000703e00000, 0x0000000800000000)
  region size 2048K, 2 young (4096K), 2 survivors (4096K)
 Metaspace       used 34727K, committed 35008K, reserved 1081344K
  class space    used 3707K, committed 3840K, reserved 1048576K
}
Event: 8574.314 GC heap before
{Heap before GC invocations=566 (full 0):
 garbage-first heap   total 368640K, used 259899K [0x0000000703e00000, 0x0000000800000000)
  region size 2048K, 108 young (221184K), 2 survivors (4096K)
 Metaspace       used 34727K, committed 35008K, reserved 1081344K
  class space    used 3707K, committed 3840K, reserved 1048576K
}
Event: 8574.318 GC heap after
{Heap after GC invocations=567 (full 0):
 garbage-first heap   total 368640K, used 42926K [0x0000000703e00000, 0x0000000800000000)
  region size 2048K, 2 young (4096K), 2 survivors (4096K)
 Metaspace       used 34727K, committed 35008K, reserved 1081344K
  class space    used 3707K, committed 3840K, reserved 1048576K
}
Event: 8595.235 GC heap before
{Heap before GC invocations=567 (full 0):
 garbage-first heap   total 368640K, used 260014K [0x0000000703e00000, 0x0000000800000000)
  region size 2048K, 108 young (221184K), 2 survivors (4096K)
 Metaspace       used 34727K, committed 35008K, reserved 1081344K
  class space    used 3707K, committed 3840K, reserved 1048576K
}
Event: 8595.238 GC heap after
{Heap after GC invocations=568 (full 0):
 garbage-first heap   total 368640K, used 42886K [0x0000000703e00000, 0x0000000800000000)
  region size 2048K, 2 young (4096K), 2 survivors (4096K)
 Metaspace       used 34727K, committed 35008K, reserved 1081344K
  class space    used 3707K, committed 3840K, reserved 1048576K
}
Event: 8615.396 GC heap before
{Heap before GC invocations=568 (full 0):
 garbage-first heap   total 368640K, used 259974K [0x0000000703e00000, 0x0000000800000000)
  region size 2048K, 108 young (221184K), 2 survivors (4096K)
 Metaspace       used 34727K, committed 35008K, reserved 1081344K
  class space    used 3707K, committed 3840K, reserved 1048576K
}
Event: 8615.399 GC heap after
{Heap after GC invocations=569 (full 0):
 garbage-first heap   total 368640K, used 43059K [0x0000000703e00000, 0x0000000800000000)
  region size 2048K, 2 young (4096K), 2 survivors (4096K)
 Metaspace       used 34727K, committed 35008K, reserved 1081344K
  class space    used 3707K, committed 3840K, reserved 1048576K
}
Event: 8636.871 GC heap before
{Heap before GC invocations=569 (full 0):
 garbage-first heap   total 368640K, used 260147K [0x0000000703e00000, 0x0000000800000000)
  region size 2048K, 108 young (221184K), 2 survivors (4096K)
 Metaspace       used 34727K, committed 35008K, reserved 1081344K
  class space    used 3707K, committed 3840K, reserved 1048576K
}
Event: 8636.881 GC heap after
{Heap after GC invocations=570 (full 0):
 garbage-first heap   total 368640K, used 43049K [0x0000000703e00000, 0x0000000800000000)
  region size 2048K, 2 young (4096K), 2 survivors (4096K)
 Metaspace       used 34727K, committed 35008K, reserved 1081344K
  class space    used 3707K, committed 3840K, reserved 1048576K
}
Event: 8654.559 GC heap before
{Heap before GC invocations=570 (full 0):
 garbage-first heap   total 368640K, used 260137K [0x0000000703e00000, 0x0000000800000000)
  region size 2048K, 108 young (221184K), 2 survivors (4096K)
 Metaspace       used 34727K, committed 35008K, reserved 1081344K
  class space    used 3707K, committed 3840K, reserved 1048576K
}
Event: 8654.562 GC heap after
{Heap after GC invocations=571 (full 0):
 garbage-first heap   total 368640K, used 42998K [0x0000000703e00000, 0x0000000800000000)
  region size 2048K, 2 young (4096K), 2 survivors (4096K)
 Metaspace       used 34727K, committed 35008K, reserved 1081344K
  class space    used 3707K, committed 3840K, reserved 1048576K
}

Deoptimization events (20 events):
Event: 8099.502 Thread 0x000001eb97c5f3b0 DEOPT PACKING pc=0x000001eb87d34a0c sp=0x000000d31a4fdcf0
Event: 8099.502 Thread 0x000001eb97c5f3b0 DEOPT UNPACKING pc=0x000001eb8004d72e sp=0x000000d31a4fda58 mode 2
Event: 8411.765 Thread 0x000001eb97c5f3b0 Uncommon trap: trap_request=0xffffff45 fr.pc=0x000001eb87dc6de8 relative=0x000000000000ac88
Event: 8411.769 Thread 0x000001eb97c5f3b0 Uncommon trap: reason=unstable_if action=reinterpret pc=0x000001eb87dc6de8 method=wrd.ibw.gui.FrmEmbedWM$8.actionPerformed(Ljava/awt/event/ActionEvent;)V @ 1954 c2
Event: 8411.770 Thread 0x000001eb97c5f3b0 DEOPT PACKING pc=0x000001eb87dc6de8 sp=0x000000d31a4fe230
Event: 8411.771 Thread 0x000001eb97c5f3b0 DEOPT UNPACKING pc=0x000001eb8004d72e sp=0x000000d31a4fe1a0 mode 2
Event: 8411.773 Thread 0x000001eb97c5f3b0 Uncommon trap: trap_request=0xffffff45 fr.pc=0x000001eb87e60010 relative=0x0000000000008dd0
Event: 8411.773 Thread 0x000001eb97c5f3b0 Uncommon trap: reason=unstable_if action=reinterpret pc=0x000001eb87e60010 method=oracle.jdbc.driver.OracleStatement.removeChild(Loracle/jdbc/driver/OracleStatement;)V @ 5 c2
Event: 8411.774 Thread 0x000001eb97c5f3b0 DEOPT PACKING pc=0x000001eb87e60010 sp=0x000000d31a4fdfc0
Event: 8411.775 Thread 0x000001eb97c5f3b0 DEOPT UNPACKING pc=0x000001eb8004d72e sp=0x000000d31a4fde50 mode 2
Event: 8527.324 Thread 0x000001eb97c5f3b0 DEOPT PACKING pc=0x000001eb810272d4 sp=0x000000d31a4fd570
Event: 8527.325 Thread 0x000001eb97c5f3b0 DEOPT UNPACKING pc=0x000001eb8004dece sp=0x000000d31a4fd690 mode 0
Event: 8667.654 Thread 0x000001eb97c5f3b0 Uncommon trap: trap_request=0xffffff45 fr.pc=0x000001eb87c901dc relative=0x000000000000327c
Event: 8667.654 Thread 0x000001eb97c5f3b0 Uncommon trap: reason=unstable_if action=reinterpret pc=0x000001eb87c901dc method=java.util.regex.Pattern.split(Ljava/lang/CharSequence;I)[Ljava/lang/String; @ 235 c2
Event: 8667.654 Thread 0x000001eb97c5f3b0 DEOPT PACKING pc=0x000001eb87c901dc sp=0x000000d31a4fe0b0
Event: 8667.655 Thread 0x000001eb97c5f3b0 DEOPT UNPACKING pc=0x000001eb8004d72e sp=0x000000d31a4fe0f8 mode 2
Event: 8667.657 Thread 0x000001eb97c5f3b0 Uncommon trap: trap_request=0xffffffe4 fr.pc=0x000001eb87ed12d4 relative=0x000000000000bbd4
Event: 8667.657 Thread 0x000001eb97c5f3b0 Uncommon trap: reason=range_check action=make_not_entrant pc=0x000001eb87ed12d4 method=wrd.ibw.gui.FrmEmbedWM$8.actionPerformed(Ljava/awt/event/ActionEvent;)V @ 1608 c2
Event: 8667.657 Thread 0x000001eb97c5f3b0 DEOPT PACKING pc=0x000001eb87ed12d4 sp=0x000000d31a4fe230
Event: 8667.657 Thread 0x000001eb97c5f3b0 DEOPT UNPACKING pc=0x000001eb8004d72e sp=0x000000d31a4fe1a0 mode 2

Classes unloaded (20 events):
Event: 7600.108 Thread 0x000001eb97c16f50 Unloading class 0x00000008000c7800 'java/lang/invoke/LambdaForm$MH+0x00000008000c7800'
Event: 7600.108 Thread 0x000001eb97c16f50 Unloading class 0x00000008000c7400 'java/lang/invoke/LambdaForm$MH+0x00000008000c7400'
Event: 7600.108 Thread 0x000001eb97c16f50 Unloading class 0x00000008000c7000 'java/lang/invoke/LambdaForm$MH+0x00000008000c7000'
Event: 7600.108 Thread 0x000001eb97c16f50 Unloading class 0x00000008000c6000 'java/lang/invoke/LambdaForm$MH+0x00000008000c6000'
Event: 7600.109 Thread 0x000001eb97c16f50 Unloading class 0x00000008000c5c00 'java/lang/invoke/LambdaForm$MH+0x00000008000c5c00'
Event: 7600.109 Thread 0x000001eb97c16f50 Unloading class 0x00000008000c5400 'java/lang/invoke/LambdaForm$MH+0x00000008000c5400'
Event: 7600.109 Thread 0x000001eb97c16f50 Unloading class 0x00000008000c4400 'java/lang/invoke/LambdaForm$MH+0x00000008000c4400'
Event: 7600.109 Thread 0x000001eb97c16f50 Unloading class 0x00000008000c4000 'java/lang/invoke/LambdaForm$MH+0x00000008000c4000'
Event: 7600.109 Thread 0x000001eb97c16f50 Unloading class 0x00000008000c3c00 'java/lang/invoke/LambdaForm$MH+0x00000008000c3c00'
Event: 7600.109 Thread 0x000001eb97c16f50 Unloading class 0x00000008000c3800 'java/lang/invoke/LambdaForm$MH+0x00000008000c3800'
Event: 7600.109 Thread 0x000001eb97c16f50 Unloading class 0x00000008000c3400 'java/lang/invoke/LambdaForm$MH+0x00000008000c3400'
Event: 7600.109 Thread 0x000001eb97c16f50 Unloading class 0x00000008000c3000 'java/lang/invoke/LambdaForm$MH+0x00000008000c3000'
Event: 7600.109 Thread 0x000001eb97c16f50 Unloading class 0x00000008000c2c00 'java/lang/invoke/LambdaForm$MH+0x00000008000c2c00'
Event: 7600.109 Thread 0x000001eb97c16f50 Unloading class 0x00000008000c2800 'java/lang/invoke/LambdaForm$MH+0x00000008000c2800'
Event: 7600.109 Thread 0x000001eb97c16f50 Unloading class 0x00000008000c2000 'java/lang/invoke/LambdaForm$MH+0x00000008000c2000'
Event: 7600.109 Thread 0x000001eb97c16f50 Unloading class 0x00000008000c1800 'java/lang/invoke/LambdaForm$MH+0x00000008000c1800'
Event: 7600.110 Thread 0x000001eb97c16f50 Unloading class 0x00000008000c1400 'java/lang/invoke/LambdaForm$MH+0x00000008000c1400'
Event: 7600.110 Thread 0x000001eb97c16f50 Unloading class 0x00000008000c0c00 'java/lang/invoke/LambdaForm$MH+0x00000008000c0c00'
Event: 7600.110 Thread 0x000001eb97c16f50 Unloading class 0x00000008000c0800 'java/lang/invoke/LambdaForm$MH+0x00000008000c0800'
Event: 7600.110 Thread 0x000001eb97c16f50 Unloading class 0x00000008000c0000 'java/lang/invoke/LambdaForm$MH+0x00000008000c0000'

Classes redefined (0 events):
No events

Internal exceptions (20 events):
Event: 0.614 Thread 0x000001ebf85783e0 Exception <a 'java/lang/NoSuchMethodError'{0x00000007139ff718}: 'java.lang.Object java.lang.invoke.DirectMethodHandle$Holder.invokeStatic(java.lang.Object, int, java.lang.Object, java.lang.Object, java.lang.Object, java.lang.Object)'> (0x00000007139ff718) 
thrown [t:\workspace\open\src\hotspot\share\interpreter\linkResolver.cpp, line 790]
Event: 0.622 Thread 0x000001ebf85783e0 Exception <a 'java/lang/NoSuchMethodError'{0x0000000713625c68}: 'java.lang.Object java.lang.invoke.DirectMethodHandle$Holder.invokeStatic(java.lang.Object, int, java.lang.Object)'> (0x0000000713625c68) 
thrown [t:\workspace\open\src\hotspot\share\interpreter\linkResolver.cpp, line 790]
Event: 0.661 Thread 0x000001ebf85783e0 Exception <a 'java/lang/ClassNotFoundException'{0x00000007136ddf08}: com/sun/swing/internal/plaf/metal/resources/spi/metalProvider> (0x00000007136ddf08) 
thrown [t:\workspace\open\src\hotspot\share\classfile\systemDictionary.cpp, line 256]
Event: 0.663 Thread 0x000001ebf85783e0 Exception <a 'java/lang/ClassNotFoundException'{0x00000007136e25d8}: com/sun/swing/internal/plaf/basic/resources/spi/basicProvider> (0x00000007136e25d8) 
thrown [t:\workspace\open\src\hotspot\share\classfile\systemDictionary.cpp, line 256]
Event: 0.682 Thread 0x000001ebf85783e0 Exception <a 'java/lang/NoSuchMethodError'{0x00000007136fd670}: 'void java.lang.invoke.DirectMethodHandle$Holder.invokeStatic(java.lang.Object, java.lang.Object, java.lang.Object)'> (0x00000007136fd670) 
thrown [t:\workspace\open\src\hotspot\share\interpreter\linkResolver.cpp, line 790]
Event: 0.683 Thread 0x000001ebf85783e0 Exception <a 'java/lang/NoSuchMethodError'{0x0000000713703dd8}: 'void java.lang.invoke.DirectMethodHandle$Holder.invokeStatic(java.lang.Object, java.lang.Object)'> (0x0000000713703dd8) 
thrown [t:\workspace\open\src\hotspot\share\interpreter\linkResolver.cpp, line 790]
Event: 0.915 Thread 0x000001eb97c618e0 Exception <a 'java/lang/NoSuchMethodError'{0x0000000713962138}: 'void java.lang.invoke.DirectMethodHandle$Holder.invokeVirtual(java.lang.Object, java.lang.Object)'> (0x0000000713962138) 
thrown [t:\workspace\open\src\hotspot\share\interpreter\linkResolver.cpp, line 790]
Event: 0.944 Thread 0x000001ebf85783e0 Exception <a 'java/lang/NoSuchMethodError'{0x0000000713456cc8}: 'void java.lang.invoke.DirectMethodHandle$Holder.invokeStaticInit(java.lang.Object)'> (0x0000000713456cc8) 
thrown [t:\workspace\open\src\hotspot\share\interpreter\linkResolver.cpp, line 790]
Event: 2.670 Thread 0x000001eb97c5f3b0 Exception <a 'java/lang/NoSuchMethodError'{0x0000000713284500}: 'java.lang.Object java.lang.invoke.DirectMethodHandle$Holder.invokeInterface(java.lang.Object, java.lang.Object)'> (0x0000000713284500) 
thrown [t:\workspace\open\src\hotspot\share\interpreter\linkResolver.cpp, line 790]
Event: 2.672 Thread 0x000001eb97c5f3b0 Exception <a 'java/lang/NoSuchMethodError'{0x000000071328cbe0}: 'java.lang.Object java.lang.invoke.DirectMethodHandle$Holder.invokeStaticInit(java.lang.Object, java.lang.Object, java.lang.Object)'> (0x000000071328cbe0) 
thrown [t:\workspace\open\src\hotspot\share\interpreter\linkResolver.cpp, line 790]
Event: 2.683 Thread 0x000001eb97c5f3b0 Exception <a 'java/lang/NoSuchMethodError'{0x00000007132a9098}: 'int java.lang.invoke.DirectMethodHandle$Holder.invokeInterface(java.lang.Object, java.lang.Object)'> (0x00000007132a9098) 
thrown [t:\workspace\open\src\hotspot\share\interpreter\linkResolver.cpp, line 790]
Event: 2.685 Thread 0x000001eb97c5f3b0 Exception <a 'java/lang/IncompatibleClassChangeError'{0x00000007132acb38}: Found class java.lang.Object, but interface was expected> (0x00000007132acb38) 
thrown [t:\workspace\open\src\hotspot\share\interpreter\linkResolver.cpp, line 857]
Event: 2.791 Thread 0x000001eb97c5f3b0 Exception <a 'java/lang/NoSuchMethodError'{0x0000000713345348}: 'int java.lang.invoke.DirectMethodHandle$Holder.invokeSpecial(java.lang.Object, java.lang.Object, java.lang.Object)'> (0x0000000713345348) 
thrown [t:\workspace\open\src\hotspot\share\interpreter\linkResolver.cpp, line 790]
Event: 3.061 Thread 0x000001eb97c5f3b0 Exception <a 'java/lang/NoClassDefFoundError'{0x0000000713180c08}: oracle/security/pki/OraclePKIProvider> (0x0000000713180c08) 
thrown [t:\workspace\open\src\hotspot\share\classfile\systemDictionary.cpp, line 245]
Event: 3.498 Thread 0x000001eb97c5f3b0 Exception <a 'sun/nio/fs/WindowsException'{0x00000007053204e8}> (0x00000007053204e8) 
thrown [t:\workspace\open\src\hotspot\share\prims\jni.cpp, line 579]
Event: 4.712 Thread 0x000001eb97c5f3b0 Exception <a 'java/lang/NoSuchMethodError'{0x0000000704f3a8b8}: 'java.lang.Object java.lang.invoke.Invokers$Holder.invoke_MT(java.lang.Object, java.lang.Object, java.lang.Object)'> (0x0000000704f3a8b8) 
thrown [t:\workspace\open\src\hotspot\share\interpreter\linkResolver.cpp, line 790]
Event: 4.867 Thread 0x000001eb97c5f3b0 Exception <a 'java/lang/ClassNotFoundException'{0x0000000713a85f50}: sun/util/logging/resources/spi/loggingProvider> (0x0000000713a85f50) 
thrown [t:\workspace\open\src\hotspot\share\classfile\systemDictionary.cpp, line 256]
Event: 4.966 Thread 0x000001eb9875f110 Exception <a 'java/lang/NoSuchMethodError'{0x0000000713b30170}: 'java.lang.Object java.lang.invoke.DirectMethodHandle$Holder.newInvokeSpecial(java.lang.Object, java.lang.Object, java.lang.Object, int, int, int, int, int)'> (0x0000000713b30170) 
thrown [t:\workspace\open\src\hotspot\share\interpreter\linkResolver.cpp, line 790]
Event: 13.016 Thread 0x000001eb97c5f3b0 Exception <a 'java/lang/NoSuchMethodError'{0x00000007129d9e80}: 'int java.lang.invoke.DirectMethodHandle$Holder.invokeStatic(java.lang.Object)'> (0x00000007129d9e80) 
thrown [t:\workspace\open\src\hotspot\share\interpreter\linkResolver.cpp, line 790]
Event: 8667.667 Thread 0x000001eb97c5f3b0 Exception <a 'java/lang/ArrayIndexOutOfBoundsException'{0x0000000711394c58}: Index -1 out of bounds for length 0> (0x0000000711394c58) 
thrown [t:\workspace\open\src\hotspot\share\interpreter\interpreterRuntime.cpp, line 425]

Events (20 events):
Event: 8517.181 Executing  VM operation: G1CollectForAllocation
Event: 8517.184 Executing  VM operation: G1CollectForAllocation done
Event: 8537.492 Executing  VM operation: G1CollectForAllocation
Event: 8537.508 Executing  VM operation: G1CollectForAllocation done
Event: 8557.559 Executing  VM operation: G1CollectForAllocation
Event: 8557.562 Executing  VM operation: G1CollectForAllocation done
Event: 8574.314 Executing  VM operation: G1CollectForAllocation
Event: 8574.318 Executing  VM operation: G1CollectForAllocation done
Event: 8595.235 Executing  VM operation: G1CollectForAllocation
Event: 8595.238 Executing  VM operation: G1CollectForAllocation done
Event: 8615.396 Executing  VM operation: G1CollectForAllocation
Event: 8615.399 Executing  VM operation: G1CollectForAllocation done
Event: 8636.871 Executing  VM operation: G1CollectForAllocation
Event: 8636.881 Executing  VM operation: G1CollectForAllocation done
Event: 8654.559 Executing  VM operation: G1CollectForAllocation
Event: 8654.562 Executing  VM operation: G1CollectForAllocation done
Event: 8667.669 loading class java/lang/Throwable$WrappedPrintStream
Event: 8667.687 loading class java/lang/Throwable$WrappedPrintStream done
Event: 8668.668 Executing  VM operation: Cleanup
Event: 8668.669 Executing  VM operation: Cleanup done


Dynamic libraries:
0x00007ff7f86e0000 - 0x00007ff7f86ee000 	C:\Users\Maikel\.p2\pool\plugins\org.eclipse.justj.openjdk.hotspot.jre.full.win32.x86_64_16.0.1.v20210528-1205\jre\bin\javaw.exe
0x00007ffe6d030000 - 0x00007ffe6d228000 	C:\Windows\SYSTEM32\ntdll.dll
0x00007ffe6b730000 - 0x00007ffe6b7ed000 	C:\Windows\System32\KERNEL32.DLL
0x00007ffe6adc0000 - 0x00007ffe6b08e000 	C:\Windows\System32\KERNELBASE.dll
0x00007ffe6ac30000 - 0x00007ffe6ad30000 	C:\Windows\System32\ucrtbase.dll
0x00007ffe61f70000 - 0x00007ffe61f89000 	C:\Users\Maikel\.p2\pool\plugins\org.eclipse.justj.openjdk.hotspot.jre.full.win32.x86_64_16.0.1.v20210528-1205\jre\bin\VCRUNTIME140.dll
0x00007ffe55190000 - 0x00007ffe551a8000 	C:\Users\Maikel\.p2\pool\plugins\org.eclipse.justj.openjdk.hotspot.jre.full.win32.x86_64_16.0.1.v20210528-1205\jre\bin\jli.dll
0x00007ffe6ce50000 - 0x00007ffe6cff0000 	C:\Windows\System32\USER32.dll
0x00007ffe6a750000 - 0x00007ffe6a772000 	C:\Windows\System32\win32u.dll
0x00007ffe6c9b0000 - 0x00007ffe6c9da000 	C:\Windows\System32\GDI32.dll
0x00007ffe6aa40000 - 0x00007ffe6ab4b000 	C:\Windows\System32\gdi32full.dll
0x00007ffe6a9a0000 - 0x00007ffe6aa3d000 	C:\Windows\System32\msvcp_win.dll
0x00007ffe69bf0000 - 0x00007ffe69e8a000 	C:\Windows\WinSxS\amd64_microsoft.windows.common-controls_6595b64144ccf1df_6.0.19041.1110_none_60b5254171f9507e\COMCTL32.dll
0x00007ffe6b880000 - 0x00007ffe6b91e000 	C:\Windows\System32\msvcrt.dll
0x00007ffe6c4c0000 - 0x00007ffe6c4f0000 	C:\Windows\System32\IMM32.DLL
0x00007ffe64530000 - 0x00007ffe6453c000 	C:\Users\Maikel\.p2\pool\plugins\org.eclipse.justj.openjdk.hotspot.jre.full.win32.x86_64_16.0.1.v20210528-1205\jre\bin\vcruntime140_1.dll
0x00007ffe2eeb0000 - 0x00007ffe2ef41000 	C:\Users\Maikel\.p2\pool\plugins\org.eclipse.justj.openjdk.hotspot.jre.full.win32.x86_64_16.0.1.v20210528-1205\jre\bin\msvcp140.dll
0x00007ffde7c90000 - 0x00007ffde883b000 	C:\Users\Maikel\.p2\pool\plugins\org.eclipse.justj.openjdk.hotspot.jre.full.win32.x86_64_16.0.1.v20210528-1205\jre\bin\server\jvm.dll
0x00007ffe6ca90000 - 0x00007ffe6cb3e000 	C:\Windows\System32\ADVAPI32.dll
0x00007ffe6cda0000 - 0x00007ffe6ce3c000 	C:\Windows\System32\sechost.dll
0x00007ffe6cc70000 - 0x00007ffe6cd95000 	C:\Windows\System32\RPCRT4.dll
0x00007ffe6ce40000 - 0x00007ffe6ce48000 	C:\Windows\System32\PSAPI.DLL
0x00007ffe4ff10000 - 0x00007ffe4ff19000 	C:\Windows\SYSTEM32\WSOCK32.dll
0x00007ffe6c1a0000 - 0x00007ffe6c20b000 	C:\Windows\System32\WS2_32.dll
0x00007ffe3bba0000 - 0x00007ffe3bbc7000 	C:\Windows\SYSTEM32\WINMM.dll
0x00007ffe66f80000 - 0x00007ffe66f8a000 	C:\Windows\SYSTEM32\VERSION.dll
0x00007ffe682c0000 - 0x00007ffe682d2000 	C:\Windows\SYSTEM32\kernel.appcore.dll
0x00007ffe4eec0000 - 0x00007ffe4eeca000 	C:\Users\Maikel\.p2\pool\plugins\org.eclipse.justj.openjdk.hotspot.jre.full.win32.x86_64_16.0.1.v20210528-1205\jre\bin\jimage.dll
0x00007ffe6a080000 - 0x00007ffe6a264000 	C:\Windows\SYSTEM32\DBGHELP.DLL
0x00007ffe6a050000 - 0x00007ffe6a07c000 	C:\Windows\SYSTEM32\dbgcore.DLL
0x00007ffe6ad30000 - 0x00007ffe6adb2000 	C:\Windows\System32\bcryptPrimitives.dll
0x00007ffe309c0000 - 0x00007ffe309e5000 	C:\Users\Maikel\.p2\pool\plugins\org.eclipse.justj.openjdk.hotspot.jre.full.win32.x86_64_16.0.1.v20210528-1205\jre\bin\java.dll
0x00007ffe3e880000 - 0x00007ffe3e898000 	C:\Users\Maikel\.p2\pool\plugins\org.eclipse.justj.openjdk.hotspot.jre.full.win32.x86_64_16.0.1.v20210528-1205\jre\bin\zip.dll
0x00007ffe6ba50000 - 0x00007ffe6c194000 	C:\Windows\System32\SHELL32.dll
0x00007ffe67b10000 - 0x00007ffe682a4000 	C:\Windows\SYSTEM32\windows.storage.dll
0x00007ffe6c650000 - 0x00007ffe6c9a4000 	C:\Windows\System32\combase.dll
0x00007ffe69980000 - 0x00007ffe699b0000 	C:\Windows\SYSTEM32\Wldp.dll
0x00007ffe6c9e0000 - 0x00007ffe6ca8d000 	C:\Windows\System32\SHCORE.dll
0x00007ffe6b500000 - 0x00007ffe6b555000 	C:\Windows\System32\shlwapi.dll
0x00007ffe6a690000 - 0x00007ffe6a6af000 	C:\Windows\SYSTEM32\profapi.dll
0x00007ffe309a0000 - 0x00007ffe309b9000 	C:\Users\Maikel\.p2\pool\plugins\org.eclipse.justj.openjdk.hotspot.jre.full.win32.x86_64_16.0.1.v20210528-1205\jre\bin\net.dll
0x00007ffe63710000 - 0x00007ffe6381a000 	C:\Windows\SYSTEM32\WINHTTP.dll
0x00007ffe69760000 - 0x00007ffe697ca000 	C:\Windows\system32\mswsock.dll
0x00007ffe19b80000 - 0x00007ffe19b93000 	C:\Users\Maikel\.p2\pool\plugins\org.eclipse.justj.openjdk.hotspot.jre.full.win32.x86_64_16.0.1.v20210528-1205\jre\bin\nio.dll
0x00007ffe0b9e0000 - 0x00007ffe0bb5f000 	C:\Users\Maikel\.p2\pool\plugins\org.eclipse.justj.openjdk.hotspot.jre.full.win32.x86_64_16.0.1.v20210528-1205\jre\bin\awt.dll
0x00007ffe6b920000 - 0x00007ffe6b9ed000 	C:\Windows\System32\OLEAUT32.dll
0x00007ffe66ed0000 - 0x00007ffe66f60000 	C:\Windows\SYSTEM32\apphelp.dll
0x00007ffe672c0000 - 0x00007ffe672ef000 	C:\Windows\system32\DWMAPI.DLL
0x00007ffe67060000 - 0x00007ffe670fe000 	C:\Windows\system32\uxtheme.dll
0x00007ffe24610000 - 0x00007ffe24737000 	C:\Windows\system32\opengl32.dll
0x00007ffe2f0a0000 - 0x00007ffe2f0cc000 	C:\Windows\SYSTEM32\GLU32.dll
0x00007ffe6b560000 - 0x00007ffe6b675000 	C:\Windows\System32\MSCTF.dll
0x00007ffe6cb40000 - 0x00007ffe6cc6a000 	C:\Windows\System32\ole32.dll
0x00007ffe0b950000 - 0x00007ffe0b9d9000 	C:\Users\Maikel\.p2\pool\plugins\org.eclipse.justj.openjdk.hotspot.jre.full.win32.x86_64_16.0.1.v20210528-1205\jre\bin\freetype.dll
0x00007ffe0b850000 - 0x00007ffe0b946000 	C:\Users\Maikel\.p2\pool\plugins\org.eclipse.justj.openjdk.hotspot.jre.full.win32.x86_64_16.0.1.v20210528-1205\jre\bin\harfbuzz.dll
0x00007ffe17470000 - 0x00007ffe17482000 	C:\Users\Maikel\.p2\pool\plugins\org.eclipse.justj.openjdk.hotspot.jre.full.win32.x86_64_16.0.1.v20210528-1205\jre\bin\fontmanager.dll
0x00007ffe6b680000 - 0x00007ffe6b729000 	C:\Windows\System32\clbcatq.dll
0x00007ffe63f20000 - 0x00007ffe640d4000 	C:\Windows\SYSTEM32\WindowsCodecs.dll
0x00007ffe6ac00000 - 0x00007ffe6ac27000 	C:\Windows\System32\bcrypt.dll
0x00007ffe1f1f0000 - 0x00007ffe1f22e000 	C:\Windows\system32\dataexchange.dll
0x00007ffe65ac0000 - 0x00007ffe65d23000 	C:\Windows\system32\d3d11.dll
0x00007ffe663d0000 - 0x00007ffe665b4000 	C:\Windows\system32\dcomp.dll
0x00007ffe689c0000 - 0x00007ffe68ab3000 	C:\Windows\system32\dxgi.dll
0x00007ffe63c60000 - 0x00007ffe63e60000 	C:\Windows\system32\twinapi.appcore.dll
0x00007ffe4ec00000 - 0x00007ffe4ecf9000 	C:\Windows\SYSTEM32\textinputframework.dll
0x00007ffe665c0000 - 0x00007ffe6691e000 	C:\Windows\System32\CoreUIComponents.dll
0x00007ffe66ca0000 - 0x00007ffe66d92000 	C:\Windows\System32\CoreMessaging.dll
0x00007ffe6a3d0000 - 0x00007ffe6a403000 	C:\Windows\SYSTEM32\ntmarta.dll
0x00007ffe65500000 - 0x00007ffe65654000 	C:\Windows\SYSTEM32\wintypes.dll
0x00007ffe64500000 - 0x00007ffe64509000 	C:\Users\Maikel\.p2\pool\plugins\org.eclipse.justj.openjdk.hotspot.jre.full.win32.x86_64_16.0.1.v20210528-1205\jre\bin\management.dll
0x00007ffe61f60000 - 0x00007ffe61f6b000 	C:\Users\Maikel\.p2\pool\plugins\org.eclipse.justj.openjdk.hotspot.jre.full.win32.x86_64_16.0.1.v20210528-1205\jre\bin\management_ext.dll
0x00007ffe694b0000 - 0x00007ffe6957a000 	C:\Windows\SYSTEM32\DNSAPI.dll
0x00007ffe69470000 - 0x00007ffe694ab000 	C:\Windows\SYSTEM32\IPHLPAPI.DLL
0x00007ffe6b870000 - 0x00007ffe6b878000 	C:\Windows\System32\NSI.dll
0x00007ffe5fad0000 - 0x00007ffe5fada000 	C:\Windows\System32\rasadhlp.dll
0x00007ffe5a960000 - 0x00007ffe5a9e0000 	C:\Windows\System32\fwpuclnt.dll
0x00007ffe30cd0000 - 0x00007ffe30cde000 	C:\Users\Maikel\.p2\pool\plugins\org.eclipse.justj.openjdk.hotspot.jre.full.win32.x86_64_16.0.1.v20210528-1205\jre\bin\sunmscapi.dll
0x00007ffe6a7f0000 - 0x00007ffe6a946000 	C:\Windows\System32\CRYPT32.dll
0x00007ffe69ad0000 - 0x00007ffe69af7000 	C:\Windows\SYSTEM32\ncrypt.dll
0x00007ffe69a90000 - 0x00007ffe69acb000 	C:\Windows\SYSTEM32\NTASN1.dll
0x00007ffe43060000 - 0x00007ffe43077000 	C:\Windows\system32\napinsp.dll
0x00007ffe43040000 - 0x00007ffe4305b000 	C:\Windows\system32\pnrpnsp.dll
0x00007ffe644e0000 - 0x00007ffe644f5000 	C:\Windows\system32\wshbth.dll
0x00007ffe650a0000 - 0x00007ffe650bd000 	C:\Windows\system32\NLAapi.dll
0x00007ffe42ff0000 - 0x00007ffe43002000 	C:\Windows\System32\winrnr.dll
0x00007ffe6a410000 - 0x00007ffe6a428000 	C:\Windows\SYSTEM32\CRYPTSP.dll
0x00007ffe69120000 - 0x00007ffe69154000 	C:\Windows\system32\rsaenh.dll
0x00007ffe6a650000 - 0x00007ffe6a67e000 	C:\Windows\SYSTEM32\USERENV.dll
0x00007ffe698f0000 - 0x00007ffe698fc000 	C:\Windows\SYSTEM32\CRYPTBASE.dll
0x00007ffe60c80000 - 0x00007ffe60c97000 	C:\Windows\SYSTEM32\dhcpcsvc6.DLL
0x00007ffe60b70000 - 0x00007ffe60b8d000 	C:\Windows\SYSTEM32\dhcpcsvc.DLL
0x00007ffe3b990000 - 0x00007ffe3b9a0000 	C:\Users\Maikel\.p2\pool\plugins\org.eclipse.justj.openjdk.hotspot.jre.full.win32.x86_64_16.0.1.v20210528-1205\jre\bin\verify.dll
0x00007ffe3fe30000 - 0x00007ffe3fee0000 	C:\Windows\WinSxS\amd64_microsoft.windows.common-controls_6595b64144ccf1df_5.82.19041.1110_none_792d1c772443f647\comctl32.dll
0x00007ffe6a950000 - 0x00007ffe6a99e000 	C:\Windows\System32\CFGMGR32.dll
0x00007ffe60300000 - 0x00007ffe60317000 	C:\Windows\system32\NetworkExplorer.dll
0x00007ffe65230000 - 0x00007ffe65326000 	C:\Windows\system32\PROPSYS.dll
0x00007ffe53c00000 - 0x00007ffe53c1d000 	C:\Windows\SYSTEM32\MPR.dll
0x00007ffe3e7e0000 - 0x00007ffe3e7fd000 	C:\Windows\System32\p9np.dll
0x00007ffe3e7d0000 - 0x00007ffe3e7db000 	C:\Windows\System32\drprov.dll
0x00007ffe6a430000 - 0x00007ffe6a48a000 	C:\Windows\System32\WINSTA.dll
0x00007ffe3e7b0000 - 0x00007ffe3e7d0000 	C:\Windows\System32\ntlanman.dll
0x00007ffe3e790000 - 0x00007ffe3e7ae000 	C:\Windows\System32\davclnt.dll
0x00007ffe3e780000 - 0x00007ffe3e78d000 	C:\Windows\System32\DAVHLPR.dll
0x00007ffe69a70000 - 0x00007ffe69a89000 	C:\Windows\System32\wkscli.dll
0x00007ffe3d680000 - 0x00007ffe3d692000 	C:\Windows\SYSTEM32\cscapi.dll
0x00007ffe69580000 - 0x00007ffe6958c000 	C:\Windows\System32\netutils.dll
0x00007ffe10c30000 - 0x00007ffe10c86000 	C:\Windows\System32\dlnashext.dll
0x00007ffdf07e0000 - 0x00007ffdf0844000 	C:\Windows\System32\PlayToDevice.dll
0x00007ffe3dcb0000 - 0x00007ffe3dcd0000 	C:\Windows\System32\DevDispItemProvider.dll
0x00007ffe60bf0000 - 0x00007ffe60c75000 	C:\Windows\System32\MMDevApi.dll
0x00007ffe6a490000 - 0x00007ffe6a4bc000 	C:\Windows\System32\DEVOBJ.dll
0x00007ffdf0730000 - 0x00007ffdf07d1000 	C:\Windows\system32\wpdshext.dll
0x00007ffe39720000 - 0x00007ffe398c5000 	C:\Windows\WinSxS\amd64_microsoft.windows.gdiplus_6595b64144ccf1df_1.1.19041.1706_none_919e8e54cc8d4ca1\gdiplus.dll
0x00007ffe16d20000 - 0x00007ffe16dc3000 	C:\Windows\System32\PortableDeviceApi.dll
0x00007ffe6b090000 - 0x00007ffe6b4ff000 	C:\Windows\System32\SETUPAPI.dll
0x00007ffe6a780000 - 0x00007ffe6a7e8000 	C:\Windows\System32\WINTRUST.dll
0x00007ffe69e90000 - 0x00007ffe69ea2000 	C:\Windows\System32\MSASN1.dll
0x00007ffe1b470000 - 0x00007ffe1b4a7000 	C:\Windows\System32\EhStorShell.dll
0x00007ffdf0c70000 - 0x00007ffdf0c96000 	C:\Windows\System32\EhStorAPI.dll
0x00007ffe65360000 - 0x00007ffe65374000 	C:\Windows\System32\WTSAPI32.dll
0x00007ffe56be0000 - 0x00007ffe56bed000 	C:\Windows\SYSTEM32\LINKINFO.dll

dbghelp: loaded successfully - version: 4.0.5 - missing functions: none
symbol engine: initialized successfully - sym options: 0x614 - pdb path: .;C:\Users\Maikel\.p2\pool\plugins\org.eclipse.justj.openjdk.hotspot.jre.full.win32.x86_64_16.0.1.v20210528-1205\jre\bin;C:\Windows\SYSTEM32;C:\Windows\WinSxS\amd64_microsoft.windows.common-controls_6595b64144ccf1df_6.0.19041.1110_none_60b5254171f9507e;C:\Users\Maikel\.p2\pool\plugins\org.eclipse.justj.openjdk.hotspot.jre.full.win32.x86_64_16.0.1.v20210528-1205\jre\bin\server;C:\Windows\WinSxS\amd64_microsoft.windows.common-controls_6595b64144ccf1df_5.82.19041.1110_none_792d1c772443f647;C:\Windows\WinSxS\amd64_microsoft.windows.gdiplus_6595b64144ccf1df_1.1.19041.1706_none_919e8e54cc8d4ca1

VM Arguments:
jvm_args: -Dfile.encoding=Cp1252 -XX:+ShowCodeDetailsInExceptionMessages 
java_command: wrd.ibw.Run
java_class_path (initial): C:\workspace\2019_RelTextWM\bin;C:\workspace\2019_RelTextWM\lib\rs2xml.jar;C:\workspace\2010_SARDROUDI_&_IBRAHIM\lib\ojdbc7.jar;C:\workspace\2010_SARDROUDI_&_IBRAHIM\lib\jfreechart-1.0.19.jar;C:\workspace\2010_SARDROUDI_&_IBRAHIM\lib\jsci-core-1.1.jar;C:\workspace\2010_SARDROUDI_&_IBRAHIM\lib\jcommon-1.0.23.jar;C:\workspace\2019_RelTextWM\jgoodies-forms-1.8.0.jar;C:\workspace\WN_APP\lib\jawjaw-1.0.2.jar;C:\workspace\WN_APP\lib\jwnl.jar;C:\workspace\WN_APP\lib\ws4j-1.0.1.jar;C:\workspace\2019_RelTextWM\lib\jwnl14-rc2\lib\commons-logging.jar
Launcher Type: SUN_STANDARD

[Global flags]
     intx CICompilerCount                          = 4                                         {product} {ergonomic}
     uint ConcGCThreads                            = 2                                         {product} {ergonomic}
     uint G1ConcRefinementThreads                  = 8                                         {product} {ergonomic}
   size_t G1HeapRegionSize                         = 2097152                                   {product} {ergonomic}
    uintx GCDrainStackTargetSize                   = 64                                        {product} {ergonomic}
   size_t InitialHeapSize                          = 266338304                                 {product} {ergonomic}
   size_t MarkStackSize                            = 4194304                                   {product} {ergonomic}
   size_t MaxHeapSize                              = 4229955584                                {product} {ergonomic}
   size_t MaxNewSize                               = 2537553920                                {product} {ergonomic}
   size_t MinHeapDeltaBytes                        = 2097152                                   {product} {ergonomic}
   size_t MinHeapSize                              = 8388608                                   {product} {ergonomic}
    uintx NonNMethodCodeHeapSize                   = 5839372                                {pd product} {ergonomic}
    uintx NonProfiledCodeHeapSize                  = 122909434                              {pd product} {ergonomic}
    uintx ProfiledCodeHeapSize                     = 122909434                              {pd product} {ergonomic}
    uintx ReservedCodeCacheSize                    = 251658240                              {pd product} {ergonomic}
     bool SegmentedCodeCache                       = true                                      {product} {ergonomic}
     bool ShowCodeDetailsInExceptionMessages       = true                                   {manageable} {command line}
   size_t SoftMaxHeapSize                          = 4229955584                             {manageable} {ergonomic}
     bool UseCompressedClassPointers               = true                           {product lp64_product} {ergonomic}
     bool UseCompressedOops                        = true                           {product lp64_product} {ergonomic}
     bool UseG1GC                                  = true                                      {product} {ergonomic}
     bool UseLargePagesIndividualAllocation        = false                                  {pd product} {ergonomic}

Logging:
Log output configuration:
 #0: stdout all=warning uptime,level,tags
 #1: stderr all=off uptime,level,tags

Environment Variables:
PATH=C:/Users/Maikel/.p2/pool/plugins/org.eclipse.justj.openjdk.hotspot.jre.full.win32.x86_64_16.0.1.v20210528-1205/jre/bin/server;C:/Users/Maikel/.p2/pool/plugins/org.eclipse.justj.openjdk.hotspot.jre.full.win32.x86_64_16.0.1.v20210528-1205/jre/bin;C:\app\Maikel\product\18.0.0\dbhomeXE\bin;C:\Program Files (x86)\Common Files\Oracle\Java\javapath;C:\Windows\system32;C:\Windows;C:\Windows\System32\Wbem;C:\Windows\System32\WindowsPowerShell\v1.0\;C:\Windows\System32\OpenSSH\;C:\Users\Maikel/.local/bin;C:\Users\Maikel\anaconda3;C:\Users\Maikel\anaconda3\Library\mingw-w64\bin;C:\Users\Maikel\anaconda3\Library\usr\bin;C:\Users\Maikel\anaconda3\Library\bin;C:\Users\Maikel\anaconda3\Scripts;C:\Users\Maikel\AppData\Local\Microsoft\WindowsApps;C:\Program Files\JetBrains\PyCharm 2021.3\bin;;C:\Users\Maikel\AppData\Local\Programs\Microsoft VS Code\bin;C:\msys64\mingw64\bin;;C:\Program Files\JetBrains\CLion 2022.1.1\bin;;C:\Users\Maikel\eclipse\java-2021-06\eclipse;
USERNAME=Maikel
OS=Windows_NT
PROCESSOR_IDENTIFIER=Intel64 Family 6 Model 142 Stepping 12, GenuineIntel



---------------  S Y S T E M  ---------------

OS:
 Windows 10 , 64 bit Build 19041 (10.0.19041.1889)
OS uptime: 1 days 10:06 hours
Hyper-V role detected

CPU: total 8 (initial active 8) (4 cores per cpu, 2 threads per core) family 6 model 142 stepping 12 microcode 0xea, cx8, cmov, fxsr, ht, mmx, 3dnowpref, sse, sse2, sse3, ssse3, sse4.1, sse4.2, popcnt, lzcnt, tsc, tscinvbit, avx, avx2, aes, erms, clmul, bmi1, bmi2, adx, fma, vzeroupper, clflush, clflushopt, hv

Memory: 4k page, system-wide physical 16135M (125M free)
TotalPageFile size 65287M (AvailPageFile size 0M)
current process WorkingSet (physical memory assigned to process): 267M, peak: 374M
current process commit charge ("private bytes"): 527M, peak: 633M

vm_info: OpenJDK 64-Bit Server VM (16.0.1+9-24) for windows-amd64 JRE (16.0.1+9-24), built on Mar 26 2021 19:30:07 by "mach5one" with MS VC++ 16.7 (VS2019)

END.
